<?xml version="1.0" encoding="UTF-8"?>
<testsuite xmlns:xsi="http://www.w3.org/2001/XMLSchema-instance" xsi:noNamespaceSchemaLocation="https://maven.apache.org/surefire/maven-surefire-plugin/xsd/surefire-test-report-3.0.xsd" version="3.0" name="runner.TestRunner" time="22.26" tests="6" errors="0" skipped="0" failures="0">
  <properties>
[...]
</properties>
  <testcase name="runScenario[&quot;Usuário realiza compra com sucesso&quot;, &quot;Fluxo de checkout no e-commerce SauceDemo&quot;](1)" classname="runner.TestRunner" time="4.295">
    <system-out><![CDATA[
Cenario: Usuário realiza compra com sucesso                                         # src/test/resources/features/checkout.feature:8
  Dado que o usuário está na página de login do SauceDemo                           # steps.CheckoutSteps.abrirSite()
  Quando ele faz login com usuário "standard_user" e senha "secret_sauce"           # steps.CheckoutSteps.realizarLogin(java.lang.String,java.lang.String)
  E adiciona um produto ao carrinho                                                 # steps.CheckoutSteps.adicionarProduto()
  E prossegue para o checkout                                                       # steps.CheckoutSteps.checkout()
  E preenche os dados de pagamento com nome "João", sobrenome "Silva" e cep "12345" # steps.CheckoutSteps.preencherCheckout(java.lang.String,java.lang.String,java.lang.String)
  E finaliza a compra                                                               # steps.CheckoutSteps.finalizarCompra()
  Entao a compra deve ser concluída com sucesso                                     # steps.CheckoutSteps.validarFinalizacao()
]]></system-out>
    <system-err><![CDATA[SLF4J: Failed to load class "org.slf4j.impl.StaticLoggerBinder".
SLF4J: Defaulting to no-operation (NOP) logger implementation
SLF4J: See http://www.slf4j.org/codes.html#StaticLoggerBinder for further details.
mai 06, 2025 1:43:39 PM org.openqa.selenium.devtools.CdpVersionFinder findNearestMatch
ADVERTÊNCIA: Unable to find CDP implementation matching 136
mai 06, 2025 1:43:39 PM org.openqa.selenium.chromium.ChromiumDriver lambda$new$5
ADVERTÊNCIA: Unable to find version of CDP to use for 136.0.7103.49. You may need to include a dependency on a specific version of the CDP using something similar to `org.seleniumhq.selenium:selenium-devtools-v86:4.21.0` where the version ("v86") matches the version of the chromium-based browser you're using and the version number of the artifact is the same as Selenium's.
]]></system-err>
  </testcase>
  <testcase name="runScenario[&quot;Usuário realiza login com sucesso&quot;, &quot;Fluxo de checkout no e-commerce SauceDemo&quot;](2)" classname="runner.TestRunner" time="2.999">
    <system-out><![CDATA[
Cenario: Usuário realiza login com sucesso                                # src/test/resources/features/checkout.feature:17
  Dado que o usuário está na página de login do SauceDemo                 # steps.CheckoutSteps.abrirSite()
  Quando ele faz login com usuário "standard_user" e senha "secret_sauce" # steps.CheckoutSteps.realizarLogin(java.lang.String,java.lang.String)
  Entao a página de produtos deve ser exibida                             # steps.CheckoutSteps.aPáginaDeProdutosDeveSerExibida()
]]></system-out>
    <system-err><![CDATA[mai 06, 2025 1:43:43 PM org.openqa.selenium.devtools.CdpVersionFinder findNearestMatch
ADVERTÊNCIA: Unable to find CDP implementation matching 136
mai 06, 2025 1:43:43 PM org.openqa.selenium.chromium.ChromiumDriver lambda$new$5
ADVERTÊNCIA: Unable to find version of CDP to use for 136.0.7103.49. You may need to include a dependency on a specific version of the CDP using something similar to `org.seleniumhq.selenium:selenium-devtools-v86:4.21.0` where the version ("v86") matches the version of the chromium-based browser you're using and the version number of the artifact is the same as Selenium's.
]]></system-err>
  </testcase>
  <testcase name="runScenario[&quot;Adicionar múltiplos produtos ao carrinho e finalizar compra&quot;, &quot;Fluxo de checkout no e-commerce SauceDemo&quot;](3)" classname="runner.TestRunner" time="3.25">
    <system-out><![CDATA[
Cenario: Adicionar múltiplos produtos ao carrinho e finalizar compra                 # src/test/resources/features/checkout.feature:22
  Dado que o usuário está na página de login do SauceDemo                            # steps.CheckoutSteps.abrirSite()
  Quando ele faz login com usuário "standard_user" e senha "secret_sauce"            # steps.CheckoutSteps.realizarLogin(java.lang.String,java.lang.String)
  E adiciona um produto ao carrinho                                                  # steps.CheckoutSteps.adicionarProduto()
  E retorno a pagina inicial                                                         # steps.CheckoutSteps.retornoAPaginaInicial()
  E adiciona outro produto ao carrinho                                               # steps.CheckoutSteps.adicionaOutroProdutoAoCarrinho()
  E prossegue para o checkout                                                        # steps.CheckoutSteps.checkout()
  E preenche os dados de pagamento com nome "Maria", sobrenome "Silva" e cep "54321" # steps.CheckoutSteps.preencherCheckout(java.lang.String,java.lang.String,java.lang.String)
  E finaliza a compra                                                                # steps.CheckoutSteps.finalizarCompra()
  Entao a compra deve ser concluída com sucesso                                      # steps.CheckoutSteps.validarFinalizacao()
]]></system-out>
    <system-err><![CDATA[mai 06, 2025 1:43:45 PM org.openqa.selenium.devtools.CdpVersionFinder findNearestMatch
ADVERTÊNCIA: Unable to find CDP implementation matching 136
mai 06, 2025 1:43:45 PM org.openqa.selenium.chromium.ChromiumDriver lambda$new$5
ADVERTÊNCIA: Unable to find version of CDP to use for 136.0.7103.49. You may need to include a dependency on a specific version of the CDP using something similar to `org.seleniumhq.selenium:selenium-devtools-v86:4.21.0` where the version ("v86") matches the version of the chromium-based browser you're using and the version number of the artifact is the same as Selenium's.
]]></system-err>
  </testcase>
  <testcase name="runScenario[&quot;Tentativa de login com usuário inválido&quot;, &quot;Fluxo de checkout no e-commerce SauceDemo&quot;](4)" classname="runner.TestRunner" time="2.935">
    <system-out><![CDATA[
Cenario: Tentativa de login com usuário inválido                             # src/test/resources/features/checkout.feature:33
  Dado que o usuário está na página de login do SauceDemo                    # steps.CheckoutSteps.abrirSite()
  Quando ele faz login com usuário "usuário_invalido" e senha "secret_sauce" # steps.CheckoutSteps.realizarLogin(java.lang.String,java.lang.String)
  Entao uma mensagem de erro deve ser exibida                                # steps.CheckoutSteps.umaMensagemDeErroDeveSerExibida()
]]></system-out>
    <system-err><![CDATA[mai 06, 2025 1:43:49 PM org.openqa.selenium.devtools.CdpVersionFinder findNearestMatch
ADVERTÊNCIA: Unable to find CDP implementation matching 136
mai 06, 2025 1:43:49 PM org.openqa.selenium.chromium.ChromiumDriver lambda$new$5
ADVERTÊNCIA: Unable to find version of CDP to use for 136.0.7103.49. You may need to include a dependency on a specific version of the CDP using something similar to `org.seleniumhq.selenium:selenium-devtools-v86:4.21.0` where the version ("v86") matches the version of the chromium-based browser you're using and the version number of the artifact is the same as Selenium's.
]]></system-err>
  </testcase>
  <testcase name="runScenario[&quot;Tentativa de login com senha inválida&quot;, &quot;Fluxo de checkout no e-commerce SauceDemo&quot;](5)" classname="runner.TestRunner" time="2.948">
    <system-out><![CDATA[
Cenario: Tentativa de login com senha inválida                            # src/test/resources/features/checkout.feature:38
  Dado que o usuário está na página de login do SauceDemo                 # steps.CheckoutSteps.abrirSite()
  Quando ele faz login com usuário "standard_user" e senha "senha_errada" # steps.CheckoutSteps.realizarLogin(java.lang.String,java.lang.String)
  Entao uma mensagem de erro deve ser exibida                             # steps.CheckoutSteps.umaMensagemDeErroDeveSerExibida()
]]></system-out>
    <system-err><![CDATA[mai 06, 2025 1:43:52 PM org.openqa.selenium.devtools.CdpVersionFinder findNearestMatch
ADVERTÊNCIA: Unable to find CDP implementation matching 136
mai 06, 2025 1:43:52 PM org.openqa.selenium.chromium.ChromiumDriver lambda$new$5
ADVERTÊNCIA: Unable to find version of CDP to use for 136.0.7103.49. You may need to include a dependency on a specific version of the CDP using something similar to `org.seleniumhq.selenium:selenium-devtools-v86:4.21.0` where the version ("v86") matches the version of the chromium-based browser you're using and the version number of the artifact is the same as Selenium's.
]]></system-err>
  </testcase>
  <testcase name="runScenario[&quot;Tentativa de checkout sem preencher os dados obrigatórios&quot;, &quot;Fluxo de checkout no e-commerce SauceDemo&quot;](6)" classname="runner.TestRunner" time="3.154">
    <system-out><![CDATA[
Cenário: Tentativa de checkout sem preencher os dados obrigatórios        # src/test/resources/features/checkout.feature:43
  Dado que o usuário está na página de login do SauceDemo                 # steps.CheckoutSteps.abrirSite()
  Quando ele faz login com usuário "standard_user" e senha "secret_sauce" # steps.CheckoutSteps.realizarLogin(java.lang.String,java.lang.String)
  E adiciona um produto ao carrinho                                       # steps.CheckoutSteps.adicionarProduto()
  E prossegue para o checkout                                             # steps.CheckoutSteps.checkout()
  E preenche os dados de pagamento com nome "", sobrenome "" e cep ""     # steps.CheckoutSteps.preencherCheckout(java.lang.String,java.lang.String,java.lang.String)
  Entao uma mensagem de erro de campos obrigatórios deve ser exibida      # steps.CheckoutSteps.umaMensagemDeErroDeCamposObrigatóriosDeveSerExibida()
]]></system-out>
    <system-err><![CDATA[mai 06, 2025 1:43:55 PM org.openqa.selenium.devtools.CdpVersionFinder findNearestMatch
ADVERTÊNCIA: Unable to find CDP implementation matching 136
mai 06, 2025 1:43:55 PM org.openqa.selenium.chromium.ChromiumDriver lambda$new$5
ADVERTÊNCIA: Unable to find version of CDP to use for 136.0.7103.49. You may need to include a dependency on a specific version of the CDP using something similar to `org.seleniumhq.selenium:selenium-devtools-v86:4.21.0` where the version ("v86") matches the version of the chromium-based browser you're using and the version number of the artifact is the same as Selenium's.
]]></system-err>
  </testcase>
</testsuite>